build/app/intermediates/manifest_merge_blame_file/debug/manifest-merger-blame-debug-report.txt
1<?xml version="1.0" encoding="utf-8"?>
2<manifest xmlns:android="http://schemas.android.com/apk/res/android"
3    package="com.example.provider_architecutre"
4    android:versionCode="1"
5    android:versionName="1.0.0" >
6
7    <uses-sdk
8        android:minSdkVersion="16"
9        android:targetSdkVersion="28" />
10    <!--
11         Flutter needs it to communicate with the running application
12         to allow setting breakpoints, to provide hot reload, etc.
13    -->
14    <uses-permission android:name="android.permission.INTERNET" />
14-->src/debug/AndroidManifest.xml:6:5-66
14-->src/debug/AndroidManifest.xml:6:22-64
15    <uses-permission android:name="android.permission.ACCESS_NETWORK_STATE" />
15-->[com.google.firebase:firebase-auth:20.0.0] AndroidManifest.xml:24:5-79
15-->[com.google.firebase:firebase-auth:20.0.0] AndroidManifest.xml:24:22-76
16    <uses-permission android:name="android.permission.WAKE_LOCK" />
16-->[com.google.android.gms:play-services-measurement:18.0.0] AndroidManifest.xml:25:5-68
16-->[com.google.android.gms:play-services-measurement:18.0.0] AndroidManifest.xml:25:22-65
17    <uses-permission android:name="com.google.android.finsky.permission.BIND_GET_INSTALL_REFERRER_SERVICE" />
17-->[com.google.android.gms:play-services-measurement:18.0.0] AndroidManifest.xml:26:5-110
17-->[com.google.android.gms:play-services-measurement:18.0.0] AndroidManifest.xml:26:22-107
18    <!--
19 io.flutter.app.FlutterApplication is an android.app.Application that
20         calls FlutterMain.startInitialization(this); in its onCreate method.
21         In most cases you can leave this as-is, but you if you want to provide
22         additional functionality it is fine to subclass or reimplement
23         FlutterApplication and put your custom class here.
24    -->
25    <application
25-->src/main/AndroidManifest.xml:9:5-34:19
26        android:name="android.support.multidex.MultiDexApplication"
27        android:appComponentFactory="androidx.core.app.CoreComponentFactory"
27-->[androidx.core:core:1.1.0] AndroidManifest.xml:24:18-86
28        android:debuggable="true"
29        android:icon="@mipmap/ic_launcher"
29-->src/main/AndroidManifest.xml:11:9-43
30        android:label="fitness_app" >
30-->src/main/AndroidManifest.xml:10:9-36
31        <activity
31-->src/main/AndroidManifest.xml:12:9-30:20
32            android:name="com.example.provider_architecutre.MainActivity"
32-->src/main/AndroidManifest.xml:13:13-41
33            android:configChanges="orientation|keyboardHidden|keyboard|screenSize|locale|layoutDirection|fontScale|screenLayout|density|uiMode"
33-->src/main/AndroidManifest.xml:16:13-144
34            android:hardwareAccelerated="true"
34-->src/main/AndroidManifest.xml:17:13-47
35            android:launchMode="singleTop"
35-->src/main/AndroidManifest.xml:14:13-43
36            android:theme="@style/LaunchTheme"
36-->src/main/AndroidManifest.xml:15:13-47
37            android:windowSoftInputMode="adjustResize" >
37-->src/main/AndroidManifest.xml:18:13-55
38
39            <!--
40                 This keeps the window background of the activity showing
41                 until Flutter renders its first frame. It can be removed if
42                 there is no splash screen (such as the default splash screen
43                 defined in @style/LaunchTheme).
44            -->
45            <meta-data
45-->src/main/AndroidManifest.xml:23:13-25:66
46                android:name="io.flutter.embedding.android.SplashScreenDrawable"
46-->src/main/AndroidManifest.xml:24:17-81
47                android:resource="@drawable/launch_background" />
47-->src/main/AndroidManifest.xml:25:17-63
48
49            <intent-filter>
49-->src/main/AndroidManifest.xml:26:13-29:29
50                <action android:name="android.intent.action.MAIN" />
50-->src/main/AndroidManifest.xml:27:17-68
50-->src/main/AndroidManifest.xml:27:25-66
51
52                <category android:name="android.intent.category.LAUNCHER" />
52-->src/main/AndroidManifest.xml:28:17-76
52-->src/main/AndroidManifest.xml:28:27-74
53            </intent-filter>
54        </activity>
55
56        <meta-data
56-->src/main/AndroidManifest.xml:31:9-33:33
57            android:name="flutterEmbedding"
57-->src/main/AndroidManifest.xml:32:13-44
58            android:value="2" />
58-->src/main/AndroidManifest.xml:33:13-30
59
60        <service
60-->[:firebase_storage] AndroidManifest.xml:8:9-12:19
61            android:name="com.google.firebase.components.ComponentDiscoveryService"
61-->[:firebase_storage] AndroidManifest.xml:8:18-89
62            android:directBootAware="true"
62-->[com.google.firebase:firebase-common:19.3.1] AndroidManifest.xml:35:13-43
63            android:exported="false" >
63-->[com.google.firebase:firebase-auth:20.0.0] AndroidManifest.xml:84:13-37
64            <meta-data
64-->[:firebase_storage] AndroidManifest.xml:9:13-11:85
65                android:name="com.google.firebase.components:io.flutter.plugins.firebase.storage.FlutterFirebaseAppRegistrar"
65-->[:firebase_storage] AndroidManifest.xml:10:17-126
66                android:value="com.google.firebase.components.ComponentRegistrar" />
66-->[:firebase_storage] AndroidManifest.xml:11:17-82
67            <meta-data
67-->[:cloud_firestore] AndroidManifest.xml:9:13-11:85
68                android:name="com.google.firebase.components:io.flutter.plugins.firebase.firestore.FlutterFirebaseFirestoreRegistrar"
68-->[:cloud_firestore] AndroidManifest.xml:10:17-134
69                android:value="com.google.firebase.components.ComponentRegistrar" />
69-->[:cloud_firestore] AndroidManifest.xml:11:17-82
70            <meta-data
70-->[:firebase_auth] AndroidManifest.xml:9:13-11:85
71                android:name="com.google.firebase.components:io.flutter.plugins.firebase.auth.FlutterFirebaseAuthRegistrar"
71-->[:firebase_auth] AndroidManifest.xml:10:17-124
72                android:value="com.google.firebase.components.ComponentRegistrar" />
72-->[:firebase_auth] AndroidManifest.xml:11:17-82
73            <meta-data
73-->[:firebase_core] AndroidManifest.xml:9:13-11:85
74                android:name="com.google.firebase.components:io.flutter.plugins.firebase.core.FlutterFirebaseCoreRegistrar"
74-->[:firebase_core] AndroidManifest.xml:10:17-124
75                android:value="com.google.firebase.components.ComponentRegistrar" />
75-->[:firebase_core] AndroidManifest.xml:11:17-82
76            <meta-data
76-->[com.google.firebase:firebase-auth:20.0.0] AndroidManifest.xml:85:13-87:85
77                android:name="com.google.firebase.components:com.google.firebase.auth.FirebaseAuthRegistrar"
77-->[com.google.firebase:firebase-auth:20.0.0] AndroidManifest.xml:86:17-109
78                android:value="com.google.firebase.components.ComponentRegistrar" />
78-->[com.google.firebase:firebase-auth:20.0.0] AndroidManifest.xml:87:17-82
79            <meta-data
79-->[com.google.firebase:firebase-storage:19.2.0] AndroidManifest.xml:33:13-35:85
80                android:name="com.google.firebase.components:com.google.firebase.storage.StorageRegistrar"
80-->[com.google.firebase:firebase-storage:19.2.0] AndroidManifest.xml:34:17-107
81                android:value="com.google.firebase.components.ComponentRegistrar" />
81-->[com.google.firebase:firebase-storage:19.2.0] AndroidManifest.xml:35:17-82
82            <meta-data
82-->[com.google.firebase:firebase-firestore:22.0.0] AndroidManifest.xml:20:13-22:85
83                android:name="com.google.firebase.components:com.google.firebase.firestore.FirestoreRegistrar"
83-->[com.google.firebase:firebase-firestore:22.0.0] AndroidManifest.xml:21:17-111
84                android:value="com.google.firebase.components.ComponentRegistrar" />
84-->[com.google.firebase:firebase-firestore:22.0.0] AndroidManifest.xml:22:17-82
85            <meta-data
85-->[com.google.android.gms:play-services-measurement-api:18.0.0] AndroidManifest.xml:30:13-32:85
86                android:name="com.google.firebase.components:com.google.firebase.analytics.connector.internal.AnalyticsConnectorRegistrar"
86-->[com.google.android.gms:play-services-measurement-api:18.0.0] AndroidManifest.xml:31:17-139
87                android:value="com.google.firebase.components.ComponentRegistrar" />
87-->[com.google.android.gms:play-services-measurement-api:18.0.0] AndroidManifest.xml:32:17-82
88            <meta-data
88-->[com.google.firebase:firebase-installations:16.3.3] AndroidManifest.xml:17:13-19:85
89                android:name="com.google.firebase.components:com.google.firebase.installations.FirebaseInstallationsRegistrar"
89-->[com.google.firebase:firebase-installations:16.3.3] AndroidManifest.xml:18:17-127
90                android:value="com.google.firebase.components.ComponentRegistrar" />
90-->[com.google.firebase:firebase-installations:16.3.3] AndroidManifest.xml:19:17-82
91        </service>
92
93        <activity
93-->[:url_launcher] AndroidManifest.xml:8:9-11:74
94            android:name="io.flutter.plugins.urllauncher.WebViewActivity"
94-->[:url_launcher] AndroidManifest.xml:9:13-74
95            android:exported="false"
95-->[:url_launcher] AndroidManifest.xml:10:13-37
96            android:theme="@android:style/Theme.NoTitleBar.Fullscreen" />
96-->[:url_launcher] AndroidManifest.xml:11:13-71
97        <activity
97-->[com.google.firebase:firebase-auth:20.0.0] AndroidManifest.xml:27:9-34:50
98            android:name="com.google.firebase.auth.internal.FederatedSignInActivity"
98-->[com.google.firebase:firebase-auth:20.0.0] AndroidManifest.xml:28:13-85
99            android:excludeFromRecents="true"
99-->[com.google.firebase:firebase-auth:20.0.0] AndroidManifest.xml:29:13-46
100            android:exported="true"
100-->[com.google.firebase:firebase-auth:20.0.0] AndroidManifest.xml:30:13-36
101            android:launchMode="singleTask"
101-->[com.google.firebase:firebase-auth:20.0.0] AndroidManifest.xml:31:13-44
102            android:permission="com.google.firebase.auth.api.gms.permission.LAUNCH_FEDERATED_SIGN_IN"
102-->[com.google.firebase:firebase-auth:20.0.0] AndroidManifest.xml:32:13-102
103            android:theme="@android:style/Theme.Translucent.NoTitleBar" />
103-->[com.google.firebase:firebase-auth:20.0.0] AndroidManifest.xml:33:13-72
104        <activity
104-->[com.google.firebase:firebase-auth:20.0.0] AndroidManifest.xml:35:9-52:20
105            android:name="com.google.firebase.auth.internal.GenericIdpActivity"
105-->[com.google.firebase:firebase-auth:20.0.0] AndroidManifest.xml:36:13-80
106            android:excludeFromRecents="true"
106-->[com.google.firebase:firebase-auth:20.0.0] AndroidManifest.xml:37:13-46
107            android:exported="true"
107-->[com.google.firebase:firebase-auth:20.0.0] AndroidManifest.xml:38:13-36
108            android:launchMode="singleTask"
108-->[com.google.firebase:firebase-auth:20.0.0] AndroidManifest.xml:39:13-44
109            android:theme="@android:style/Theme.Translucent.NoTitleBar" >
109-->[com.google.firebase:firebase-auth:20.0.0] AndroidManifest.xml:40:13-72
110            <intent-filter>
110-->[com.google.firebase:firebase-auth:20.0.0] AndroidManifest.xml:41:13-51:29
111                <action android:name="android.intent.action.VIEW" />
111-->[com.google.firebase:firebase-auth:20.0.0] AndroidManifest.xml:42:17-69
111-->[com.google.firebase:firebase-auth:20.0.0] AndroidManifest.xml:42:25-66
112
113                <category android:name="android.intent.category.DEFAULT" />
113-->[com.google.firebase:firebase-auth:20.0.0] AndroidManifest.xml:44:17-76
113-->[com.google.firebase:firebase-auth:20.0.0] AndroidManifest.xml:44:27-73
114                <category android:name="android.intent.category.BROWSABLE" />
114-->[com.google.firebase:firebase-auth:20.0.0] AndroidManifest.xml:45:17-78
114-->[com.google.firebase:firebase-auth:20.0.0] AndroidManifest.xml:45:27-75
115
116                <data
116-->[com.google.firebase:firebase-auth:20.0.0] AndroidManifest.xml:47:17-50:51
117                    android:host="firebase.auth"
117-->[com.google.firebase:firebase-auth:20.0.0] AndroidManifest.xml:48:21-49
118                    android:path="/"
118-->[com.google.firebase:firebase-auth:20.0.0] AndroidManifest.xml:49:21-37
119                    android:scheme="genericidp" />
119-->[com.google.firebase:firebase-auth:20.0.0] AndroidManifest.xml:50:21-48
120            </intent-filter>
121        </activity>
122        <activity
122-->[com.google.firebase:firebase-auth:20.0.0] AndroidManifest.xml:53:9-70:20
123            android:name="com.google.firebase.auth.internal.RecaptchaActivity"
123-->[com.google.firebase:firebase-auth:20.0.0] AndroidManifest.xml:54:13-79
124            android:excludeFromRecents="true"
124-->[com.google.firebase:firebase-auth:20.0.0] AndroidManifest.xml:55:13-46
125            android:exported="true"
125-->[com.google.firebase:firebase-auth:20.0.0] AndroidManifest.xml:56:13-36
126            android:launchMode="singleTask"
126-->[com.google.firebase:firebase-auth:20.0.0] AndroidManifest.xml:57:13-44
127            android:theme="@android:style/Theme.Translucent.NoTitleBar" >
127-->[com.google.firebase:firebase-auth:20.0.0] AndroidManifest.xml:58:13-72
128            <intent-filter>
128-->[com.google.firebase:firebase-auth:20.0.0] AndroidManifest.xml:59:13-69:29
129                <action android:name="android.intent.action.VIEW" />
129-->[com.google.firebase:firebase-auth:20.0.0] AndroidManifest.xml:42:17-69
129-->[com.google.firebase:firebase-auth:20.0.0] AndroidManifest.xml:42:25-66
130
131                <category android:name="android.intent.category.DEFAULT" />
131-->[com.google.firebase:firebase-auth:20.0.0] AndroidManifest.xml:44:17-76
131-->[com.google.firebase:firebase-auth:20.0.0] AndroidManifest.xml:44:27-73
132                <category android:name="android.intent.category.BROWSABLE" />
132-->[com.google.firebase:firebase-auth:20.0.0] AndroidManifest.xml:45:17-78
132-->[com.google.firebase:firebase-auth:20.0.0] AndroidManifest.xml:45:27-75
133
134                <data
134-->[com.google.firebase:firebase-auth:20.0.0] AndroidManifest.xml:47:17-50:51
135                    android:host="firebase.auth"
135-->[com.google.firebase:firebase-auth:20.0.0] AndroidManifest.xml:48:21-49
136                    android:path="/"
136-->[com.google.firebase:firebase-auth:20.0.0] AndroidManifest.xml:49:21-37
137                    android:scheme="recaptcha" />
137-->[com.google.firebase:firebase-auth:20.0.0] AndroidManifest.xml:50:21-48
138            </intent-filter>
139        </activity>
140
141        <service
141-->[com.google.firebase:firebase-auth:20.0.0] AndroidManifest.xml:72:9-81:19
142            android:name="com.google.firebase.auth.api.fallback.service.FirebaseAuthFallbackService"
142-->[com.google.firebase:firebase-auth:20.0.0] AndroidManifest.xml:73:13-101
143            android:enabled="true"
143-->[com.google.firebase:firebase-auth:20.0.0] AndroidManifest.xml:74:13-35
144            android:exported="false" >
144-->[com.google.firebase:firebase-auth:20.0.0] AndroidManifest.xml:75:13-37
145            <intent-filter>
145-->[com.google.firebase:firebase-auth:20.0.0] AndroidManifest.xml:76:13-80:29
146                <action android:name="com.google.firebase.auth.api.gms.service.START" />
146-->[com.google.firebase:firebase-auth:20.0.0] AndroidManifest.xml:77:17-89
146-->[com.google.firebase:firebase-auth:20.0.0] AndroidManifest.xml:77:25-86
147
148                <category android:name="android.intent.category.DEFAULT" />
148-->[com.google.firebase:firebase-auth:20.0.0] AndroidManifest.xml:44:17-76
148-->[com.google.firebase:firebase-auth:20.0.0] AndroidManifest.xml:44:27-73
149            </intent-filter>
150        </service>
151
152        <activity
152-->[com.google.android.gms:play-services-base:17.1.0] AndroidManifest.xml:23:9-26:75
153            android:name="com.google.android.gms.common.api.GoogleApiActivity"
153-->[com.google.android.gms:play-services-base:17.1.0] AndroidManifest.xml:24:13-79
154            android:exported="false"
154-->[com.google.android.gms:play-services-base:17.1.0] AndroidManifest.xml:25:13-37
155            android:theme="@android:style/Theme.Translucent.NoTitleBar" />
155-->[com.google.android.gms:play-services-base:17.1.0] AndroidManifest.xml:26:13-72
156
157        <receiver
157-->[com.google.android.gms:play-services-measurement:18.0.0] AndroidManifest.xml:29:9-33:20
158            android:name="com.google.android.gms.measurement.AppMeasurementReceiver"
158-->[com.google.android.gms:play-services-measurement:18.0.0] AndroidManifest.xml:30:13-85
159            android:enabled="true"
159-->[com.google.android.gms:play-services-measurement:18.0.0] AndroidManifest.xml:31:13-35
160            android:exported="false" >
160-->[com.google.android.gms:play-services-measurement:18.0.0] AndroidManifest.xml:32:13-37
161        </receiver>
162
163        <service
163-->[com.google.android.gms:play-services-measurement:18.0.0] AndroidManifest.xml:35:9-38:40
164            android:name="com.google.android.gms.measurement.AppMeasurementService"
164-->[com.google.android.gms:play-services-measurement:18.0.0] AndroidManifest.xml:36:13-84
165            android:enabled="true"
165-->[com.google.android.gms:play-services-measurement:18.0.0] AndroidManifest.xml:37:13-35
166            android:exported="false" />
166-->[com.google.android.gms:play-services-measurement:18.0.0] AndroidManifest.xml:38:13-37
167        <service
167-->[com.google.android.gms:play-services-measurement:18.0.0] AndroidManifest.xml:39:9-43:72
168            android:name="com.google.android.gms.measurement.AppMeasurementJobService"
168-->[com.google.android.gms:play-services-measurement:18.0.0] AndroidManifest.xml:40:13-87
169            android:enabled="true"
169-->[com.google.android.gms:play-services-measurement:18.0.0] AndroidManifest.xml:41:13-35
170            android:exported="false"
170-->[com.google.android.gms:play-services-measurement:18.0.0] AndroidManifest.xml:42:13-37
171            android:permission="android.permission.BIND_JOB_SERVICE" />
171-->[com.google.android.gms:play-services-measurement:18.0.0] AndroidManifest.xml:43:13-69
172
173        <provider
173-->[com.google.firebase:firebase-common:19.3.1] AndroidManifest.xml:26:9-31:39
174            android:name="com.google.firebase.provider.FirebaseInitProvider"
174-->[com.google.firebase:firebase-common:19.3.1] AndroidManifest.xml:27:13-77
175            android:authorities="com.example.provider_architecutre.firebaseinitprovider"
175-->[com.google.firebase:firebase-common:19.3.1] AndroidManifest.xml:28:13-72
176            android:directBootAware="true"
176-->[com.google.firebase:firebase-common:19.3.1] AndroidManifest.xml:29:13-43
177            android:exported="false"
177-->[com.google.firebase:firebase-common:19.3.1] AndroidManifest.xml:30:13-37
178            android:initOrder="100" />
178-->[com.google.firebase:firebase-common:19.3.1] AndroidManifest.xml:31:13-36
179
180        <meta-data
180-->[com.google.android.gms:play-services-basement:17.1.0] AndroidManifest.xml:23:9-25:69
181            android:name="com.google.android.gms.version"
181-->[com.google.android.gms:play-services-basement:17.1.0] AndroidManifest.xml:24:13-58
182            android:value="@integer/google_play_services_version" />
182-->[com.google.android.gms:play-services-basement:17.1.0] AndroidManifest.xml:25:13-66
183    </application>
184
185</manifest>